2023-03-31 07:00:07,739 INFO    MainThread:2144 [wandb_setup.py:_flush():76] Configure stats pid to 2144
2023-03-31 07:00:07,740 INFO    MainThread:2144 [wandb_setup.py:_flush():76] Loading settings from /root/.config/wandb/settings
2023-03-31 07:00:07,740 INFO    MainThread:2144 [wandb_setup.py:_flush():76] Loading settings from /content/wandb/settings
2023-03-31 07:00:07,740 WARNING MainThread:2144 [wandb_setup.py:_flush():76] Unknown environment variable: WANDB_SERVICE
2023-03-31 07:00:07,740 INFO    MainThread:2144 [wandb_setup.py:_flush():76] Loading settings from environment variables: {}
2023-03-31 07:00:07,740 INFO    MainThread:2144 [wandb_setup.py:_flush():76] Applying setup settings: {'_disable_service': False}
2023-03-31 07:00:07,740 INFO    MainThread:2144 [wandb_setup.py:_flush():76] Inferring run settings from compute environment: {'program_relpath': 'gdrive/MyDrive/FHX/train_chess_csv.py', 'program': '/content/gdrive/MyDrive/FHX/train_chess_csv.py'}
2023-03-31 07:00:07,740 INFO    MainThread:2144 [wandb_init.py:_log_setup():506] Logging user logs to /content/wandb/run-20230331_070007-igpm68ny/logs/debug.log
2023-03-31 07:00:07,740 INFO    MainThread:2144 [wandb_init.py:_log_setup():507] Logging internal logs to /content/wandb/run-20230331_070007-igpm68ny/logs/debug-internal.log
2023-03-31 07:00:07,740 INFO    MainThread:2144 [wandb_init.py:init():546] calling init triggers
2023-03-31 07:00:07,740 INFO    MainThread:2144 [wandb_init.py:init():552] wandb.init called with sweep_config: {}
config: {'learning_rate': 0.001, 'architecture': 'CNN', 'dataset': 'White Black ELO 2000 arevel', 'epochs': 5}
2023-03-31 07:00:07,740 INFO    MainThread:2144 [wandb_init.py:init():602] starting backend
2023-03-31 07:00:07,740 INFO    MainThread:2144 [wandb_init.py:init():606] setting up manager
2023-03-31 07:00:07,743 INFO    MainThread:2144 [backend.py:_multiprocessing_setup():106] multiprocessing start_methods=fork,spawn,forkserver, using: spawn
2023-03-31 07:00:07,745 INFO    MainThread:2144 [wandb_init.py:init():613] backend started and connected
2023-03-31 07:00:07,748 INFO    MainThread:2144 [wandb_init.py:init():701] updated telemetry
2023-03-31 07:00:07,749 INFO    MainThread:2144 [wandb_init.py:init():741] communicating run to backend with 60.0 second timeout
2023-03-31 07:00:08,229 INFO    MainThread:2144 [wandb_run.py:_on_init():2133] communicating current version
2023-03-31 07:00:08,311 INFO    MainThread:2144 [wandb_run.py:_on_init():2142] got version response 
2023-03-31 07:00:08,311 INFO    MainThread:2144 [wandb_init.py:init():789] starting run threads in backend
2023-03-31 07:00:08,353 INFO    MainThread:2144 [wandb_run.py:_console_start():2114] atexit reg
2023-03-31 07:00:08,353 INFO    MainThread:2144 [wandb_run.py:_redirect():1969] redirect: SettingsConsole.WRAP_RAW
2023-03-31 07:00:08,353 INFO    MainThread:2144 [wandb_run.py:_redirect():2034] Wrapping output streams.
2023-03-31 07:00:08,353 INFO    MainThread:2144 [wandb_run.py:_redirect():2059] Redirects installed.
2023-03-31 07:00:08,354 INFO    MainThread:2144 [wandb_init.py:init():831] run started, returning control to user process
2023-03-31 10:53:09,227 INFO    MainThread:2144 [wandb_run.py:_finish():1854] finishing run vrona/Chess_App/igpm68ny
2023-03-31 10:53:09,228 INFO    MainThread:2144 [wandb_run.py:_atexit_cleanup():2083] got exitcode: 0
2023-03-31 10:53:09,229 INFO    MainThread:2144 [wandb_run.py:_restore():2066] restore
2023-03-31 10:53:09,229 INFO    MainThread:2144 [wandb_run.py:_restore():2072] restore done
2023-03-31 10:53:15,143 INFO    MainThread:2144 [wandb_run.py:_footer_history_summary_info():3422] rendering history
2023-03-31 10:53:15,144 INFO    MainThread:2144 [wandb_run.py:_footer_history_summary_info():3454] rendering summary
2023-03-31 10:53:15,153 INFO    MainThread:2144 [wandb_run.py:_footer_sync_info():3380] logging synced files
