2023-03-31 11:30:01,510 INFO    MainThread:69842 [wandb_setup.py:_flush():76] Configure stats pid to 69842
2023-03-31 11:30:01,510 INFO    MainThread:69842 [wandb_setup.py:_flush():76] Loading settings from /root/.config/wandb/settings
2023-03-31 11:30:01,510 INFO    MainThread:69842 [wandb_setup.py:_flush():76] Loading settings from /content/wandb/settings
2023-03-31 11:30:01,510 WARNING MainThread:69842 [wandb_setup.py:_flush():76] Unknown environment variable: WANDB_SERVICE
2023-03-31 11:30:01,510 INFO    MainThread:69842 [wandb_setup.py:_flush():76] Loading settings from environment variables: {}
2023-03-31 11:30:01,510 INFO    MainThread:69842 [wandb_setup.py:_flush():76] Applying setup settings: {'_disable_service': False}
2023-03-31 11:30:01,510 INFO    MainThread:69842 [wandb_setup.py:_flush():76] Inferring run settings from compute environment: {'program_relpath': 'gdrive/MyDrive/FHX/train_chess_csv.py', 'program': '/content/gdrive/MyDrive/FHX/train_chess_csv.py'}
2023-03-31 11:30:01,510 INFO    MainThread:69842 [wandb_init.py:_log_setup():506] Logging user logs to /content/wandb/run-20230331_113001-ksiulsjk/logs/debug.log
2023-03-31 11:30:01,510 INFO    MainThread:69842 [wandb_init.py:_log_setup():507] Logging internal logs to /content/wandb/run-20230331_113001-ksiulsjk/logs/debug-internal.log
2023-03-31 11:30:01,511 INFO    MainThread:69842 [wandb_init.py:init():546] calling init triggers
2023-03-31 11:30:01,511 INFO    MainThread:69842 [wandb_init.py:init():552] wandb.init called with sweep_config: {}
config: {'learning_rate': 0.001, 'architecture': 'CNN', 'dataset': 'White Black ELO 2000 arevel', 'epochs': 5}
2023-03-31 11:30:01,511 INFO    MainThread:69842 [wandb_init.py:init():602] starting backend
2023-03-31 11:30:01,511 INFO    MainThread:69842 [wandb_init.py:init():606] setting up manager
2023-03-31 11:30:01,513 INFO    MainThread:69842 [backend.py:_multiprocessing_setup():106] multiprocessing start_methods=fork,spawn,forkserver, using: spawn
2023-03-31 11:30:01,515 INFO    MainThread:69842 [wandb_init.py:init():613] backend started and connected
2023-03-31 11:30:01,518 INFO    MainThread:69842 [wandb_init.py:init():701] updated telemetry
2023-03-31 11:30:01,519 INFO    MainThread:69842 [wandb_init.py:init():741] communicating run to backend with 60.0 second timeout
2023-03-31 11:30:02,203 INFO    MainThread:69842 [wandb_run.py:_on_init():2133] communicating current version
2023-03-31 11:30:02,286 INFO    MainThread:69842 [wandb_run.py:_on_init():2142] got version response 
2023-03-31 11:30:02,286 INFO    MainThread:69842 [wandb_init.py:init():789] starting run threads in backend
2023-03-31 11:30:02,315 INFO    MainThread:69842 [wandb_run.py:_console_start():2114] atexit reg
2023-03-31 11:30:02,316 INFO    MainThread:69842 [wandb_run.py:_redirect():1969] redirect: SettingsConsole.WRAP_RAW
2023-03-31 11:30:02,316 INFO    MainThread:69842 [wandb_run.py:_redirect():2034] Wrapping output streams.
2023-03-31 11:30:02,316 INFO    MainThread:69842 [wandb_run.py:_redirect():2059] Redirects installed.
2023-03-31 11:30:02,317 INFO    MainThread:69842 [wandb_init.py:init():831] run started, returning control to user process
2023-03-31 15:23:38,409 INFO    MainThread:69842 [wandb_run.py:_finish():1854] finishing run vrona/Chess_App/ksiulsjk
2023-03-31 15:23:38,411 INFO    MainThread:69842 [wandb_run.py:_atexit_cleanup():2083] got exitcode: 0
2023-03-31 15:23:38,413 INFO    MainThread:69842 [wandb_run.py:_restore():2066] restore
2023-03-31 15:23:38,413 INFO    MainThread:69842 [wandb_run.py:_restore():2072] restore done
2023-03-31 15:23:45,319 INFO    MainThread:69842 [wandb_run.py:_footer_history_summary_info():3422] rendering history
2023-03-31 15:23:45,320 INFO    MainThread:69842 [wandb_run.py:_footer_history_summary_info():3454] rendering summary
2023-03-31 15:23:45,331 INFO    MainThread:69842 [wandb_run.py:_footer_sync_info():3380] logging synced files
